\BOOKMARK [0][-]{chapter.1}{\376\377\0001\000\040\000D\000a\000t\000a\000\040\000S\000t\000r\000u\000c\000t\000u\000r\000e\000\040\000I\000n\000d\000e\000x}{}% 1
\BOOKMARK [1][-]{section.1.1}{\376\377\0001\000.\0001\000\040\000D\000a\000t\000a\000\040\000S\000t\000r\000u\000c\000t\000u\000r\000e\000s}{chapter.1}% 2
\BOOKMARK [0][-]{chapter.2}{\376\377\0002\000\040\000F\000i\000l\000e\000\040\000I\000n\000d\000e\000x}{}% 3
\BOOKMARK [1][-]{section.2.1}{\376\377\0002\000.\0001\000\040\000F\000i\000l\000e\000\040\000L\000i\000s\000t}{chapter.2}% 4
\BOOKMARK [0][-]{chapter.3}{\376\377\0003\000\040\000D\000a\000t\000a\000\040\000S\000t\000r\000u\000c\000t\000u\000r\000e\000\040\000D\000o\000c\000u\000m\000e\000n\000t\000a\000t\000i\000o\000n}{}% 5
\BOOKMARK [1][-]{section.3.1}{\376\377\0003\000.\0001\000\040\000f\000i\000c\000h\000i\000e\000r\000\040\000S\000t\000r\000u\000c\000t\000\040\000R\000e\000f\000e\000r\000e\000n\000c\000e}{chapter.3}% 6
\BOOKMARK [2][-]{subsection.3.1.1}{\376\377\0003\000.\0001\000.\0001\000\040\000D\000e\000t\000a\000i\000l\000e\000d\000\040\000D\000e\000s\000c\000r\000i\000p\000t\000i\000o\000n}{section.3.1}% 7
\BOOKMARK [2][-]{subsection.3.1.2}{\376\377\0003\000.\0001\000.\0002\000\040\000F\000i\000e\000l\000d\000\040\000D\000o\000c\000u\000m\000e\000n\000t\000a\000t\000i\000o\000n}{section.3.1}% 8
\BOOKMARK [3][-]{subsubsection.3.1.2.1}{\376\377\0003\000.\0001\000.\0002\000.\0001\000\040\000c\000o\000n\000t\000e\000n\000u}{subsection.3.1.2}% 9
\BOOKMARK [3][-]{subsubsection.3.1.2.2}{\376\377\0003\000.\0001\000.\0002\000.\0002\000\040\000e\000s\000t\000D\000o\000s\000s\000i\000e\000r}{subsection.3.1.2}% 10
\BOOKMARK [3][-]{subsubsection.3.1.2.3}{\376\377\0003\000.\0001\000.\0002\000.\0003\000\040\000e\000s\000t\000P\000r\000o\000t\000e\000g\000e}{subsection.3.1.2}% 11
\BOOKMARK [3][-]{subsubsection.3.1.2.4}{\376\377\0003\000.\0001\000.\0002\000.\0004\000\040\000f\000r\000e\000r\000e\000S\000u\000i\000v\000a\000n\000t}{subsection.3.1.2}% 12
\BOOKMARK [3][-]{subsubsection.3.1.2.5}{\376\377\0003\000.\0001\000.\0002\000.\0005\000\040\000n\000o\000m}{subsection.3.1.2}% 13
\BOOKMARK [3][-]{subsubsection.3.1.2.6}{\376\377\0003\000.\0001\000.\0002\000.\0006\000\040\000n\000o\000m\000b\000r\000e\000\137\000o\000u\000v\000e\000r\000t\000u\000r\000e}{subsection.3.1.2}% 14
\BOOKMARK [3][-]{subsubsection.3.1.2.7}{\376\377\0003\000.\0001\000.\0002\000.\0007\000\040\000p\000a\000r\000e\000n\000t}{subsection.3.1.2}% 15
\BOOKMARK [3][-]{subsubsection.3.1.2.8}{\376\377\0003\000.\0001\000.\0002\000.\0008\000\040\000p\000e\000r\000m}{subsection.3.1.2}% 16
\BOOKMARK [3][-]{subsubsection.3.1.2.9}{\376\377\0003\000.\0001\000.\0002\000.\0009\000\040\000p\000r\000e\000m\000i\000e\000r\000f\000i\000l\000s}{subsection.3.1.2}% 17
\BOOKMARK [1][-]{section.3.2}{\376\377\0003\000.\0002\000\040\000l\000i\000g\000n\000e\000\040\000S\000t\000r\000u\000c\000t\000\040\000R\000e\000f\000e\000r\000e\000n\000c\000e}{chapter.3}% 18
\BOOKMARK [2][-]{subsection.3.2.1}{\376\377\0003\000.\0002\000.\0001\000\040\000D\000e\000t\000a\000i\000l\000e\000d\000\040\000D\000e\000s\000c\000r\000i\000p\000t\000i\000o\000n}{section.3.2}% 19
\BOOKMARK [2][-]{subsection.3.2.2}{\376\377\0003\000.\0002\000.\0002\000\040\000F\000i\000e\000l\000d\000\040\000D\000o\000c\000u\000m\000e\000n\000t\000a\000t\000i\000o\000n}{section.3.2}% 20
\BOOKMARK [3][-]{subsubsection.3.2.2.1}{\376\377\0003\000.\0002\000.\0002\000.\0001\000\040\000a\000r\000g\000u\000m\000e\000n\000t}{subsection.3.2.2}% 21
\BOOKMARK [3][-]{subsubsection.3.2.2.2}{\376\377\0003\000.\0002\000.\0002\000.\0002\000\040\000c\000o\000m\000m\000a\000n\000d\000e}{subsection.3.2.2}% 22
\BOOKMARK [3][-]{subsubsection.3.2.2.3}{\376\377\0003\000.\0002\000.\0002\000.\0003\000\040\000o\000p\000t\000i\000o\000n}{subsection.3.2.2}% 23
\BOOKMARK [1][-]{section.3.3}{\376\377\0003\000.\0003\000\040\000l\000i\000g\000n\000e\000\137\000c\000o\000m\000m\000a\000n\000d\000e\000\040\000S\000t\000r\000u\000c\000t\000\040\000R\000e\000f\000e\000r\000e\000n\000c\000e}{chapter.3}% 24
\BOOKMARK [2][-]{subsection.3.3.1}{\376\377\0003\000.\0003\000.\0001\000\040\000D\000e\000t\000a\000i\000l\000e\000d\000\040\000D\000e\000s\000c\000r\000i\000p\000t\000i\000o\000n}{section.3.3}% 25
\BOOKMARK [1][-]{section.3.4}{\376\377\0003\000.\0004\000\040\000M\000i\000s\000s\000i\000o\000n\000\040\000S\000t\000r\000u\000c\000t\000\040\000R\000e\000f\000e\000r\000e\000n\000c\000e}{chapter.3}% 26
\BOOKMARK [2][-]{subsection.3.4.1}{\376\377\0003\000.\0004\000.\0001\000\040\000D\000e\000t\000a\000i\000l\000e\000d\000\040\000D\000e\000s\000c\000r\000i\000p\000t\000i\000o\000n}{section.3.4}% 27
\BOOKMARK [2][-]{subsection.3.4.2}{\376\377\0003\000.\0004\000.\0002\000\040\000F\000i\000e\000l\000d\000\040\000D\000o\000c\000u\000m\000e\000n\000t\000a\000t\000i\000o\000n}{section.3.4}% 28
\BOOKMARK [3][-]{subsubsection.3.4.2.1}{\376\377\0003\000.\0004\000.\0002\000.\0001\000\040\000d\000e\000b\000l\000o\000q\000u\000\351}{subsection.3.4.2}% 29
\BOOKMARK [3][-]{subsubsection.3.4.2.2}{\376\377\0003\000.\0004\000.\0002\000.\0002\000\040\000i\000n\000d\000i\000c\000e}{subsection.3.4.2}% 30
\BOOKMARK [3][-]{subsubsection.3.4.2.3}{\376\377\0003\000.\0004\000.\0002\000.\0003\000\040\000p\000o\000i\000n\000t}{subsection.3.4.2}% 31
\BOOKMARK [3][-]{subsubsection.3.4.2.4}{\376\377\0003\000.\0004\000.\0002\000.\0004\000\040\000t\000e\000r\000m\000i\000n\000\351}{subsection.3.4.2}% 32
\BOOKMARK [3][-]{subsubsection.3.4.2.5}{\376\377\0003\000.\0004\000.\0002\000.\0005\000\040\000t\000i\000t\000r\000e}{subsection.3.4.2}% 33
\BOOKMARK [0][-]{chapter.4}{\376\377\0004\000\040\000F\000i\000l\000e\000\040\000D\000o\000c\000u\000m\000e\000n\000t\000a\000t\000i\000o\000n}{}% 34
\BOOKMARK [1][-]{section.4.1}{\376\377\0004\000.\0001\000\040\000i\000n\000c\000l\000u\000d\000e\000/\000a\000f\000f\000i\000c\000h\000a\000g\000e\000.\000h\000\040\000F\000i\000l\000e\000\040\000R\000e\000f\000e\000r\000e\000n\000c\000e}{chapter.4}% 35
\BOOKMARK [2][-]{subsection.4.1.1}{\376\377\0004\000.\0001\000.\0001\000\040\000F\000u\000n\000c\000t\000i\000o\000n\000\040\000D\000o\000c\000u\000m\000e\000n\000t\000a\000t\000i\000o\000n}{section.4.1}% 36
\BOOKMARK [3][-]{subsubsection.4.1.1.1}{\376\377\0004\000.\0001\000.\0001\000.\0001\000\040\000a\000f\000f\000i\000c\000h\000e\000\137\000f\000i\000c\000h\000i\000e\000r\000\050\000\051}{subsection.4.1.1}% 37
\BOOKMARK [3][-]{subsubsection.4.1.1.2}{\376\377\0004\000.\0001\000.\0001\000.\0002\000\040\000a\000f\000f\000i\000c\000h\000e\000\137\000f\000i\000c\000h\000i\000e\000r\000\137\000t\000a\000b\000l\000e\000a\000u\000\137\000c\000u\000r\000s\000e\000\137\000p\000o\000s\000i\000t\000i\000o\000n\000\137\000e\000x\000a\000c\000t\000e\000\050\000\051}{subsection.4.1.1}% 38
\BOOKMARK [3][-]{subsubsection.4.1.1.3}{\376\377\0004\000.\0001\000.\0001\000.\0003\000\040\000a\000f\000f\000i\000c\000h\000e\000r\000\137\000t\000a\000b\000l\000e\000a\000u\000\137\000a\000v\000e\000c\000\137\000t\000i\000t\000r\000e\000\137\000p\000o\000s\000i\000t\000i\000o\000n\000\137\000e\000x\000a\000c\000t\000e\000\050\000\051}{subsection.4.1.1}% 39
\BOOKMARK [3][-]{subsubsection.4.1.1.4}{\376\377\0004\000.\0001\000.\0001\000.\0004\000\040\000a\000f\000f\000i\000c\000h\000e\000r\000\137\000t\000a\000b\000l\000e\000a\000u\000\137\000f\000i\000c\000h\000i\000e\000r\000\050\000\051}{subsection.4.1.1}% 40
\BOOKMARK [3][-]{subsubsection.4.1.1.5}{\376\377\0004\000.\0001\000.\0001\000.\0005\000\040\000e\000c\000h\000e\000c\000\050\000\051}{subsection.4.1.1}% 41
\BOOKMARK [3][-]{subsubsection.4.1.1.6}{\376\377\0004\000.\0001\000.\0001\000.\0006\000\040\000f\000e\000l\000i\000c\000i\000t\000a\000t\000i\000o\000n\000\050\000\051}{subsection.4.1.1}% 42
\BOOKMARK [3][-]{subsubsection.4.1.1.7}{\376\377\0004\000.\0001\000.\0001\000.\0007\000\040\000s\000c\000r\000e\000e\000n\000\137\000c\000l\000e\000a\000r\000\050\000\051}{subsection.4.1.1}% 43
\BOOKMARK [1][-]{section.4.2}{\376\377\0004\000.\0002\000\040\000a\000f\000f\000i\000c\000h\000a\000g\000e\000.\000h}{chapter.4}% 44
\BOOKMARK [1][-]{section.4.3}{\376\377\0004\000.\0003\000\040\000i\000n\000c\000l\000u\000d\000e\000/\000a\000r\000b\000o\000r\000e\000s\000c\000e\000n\000c\000e\000.\000h\000\040\000F\000i\000l\000e\000\040\000R\000e\000f\000e\000r\000e\000n\000c\000e}{chapter.4}% 45
\BOOKMARK [2][-]{subsection.4.3.1}{\376\377\0004\000.\0003\000.\0001\000\040\000T\000y\000p\000e\000d\000e\000f\000\040\000D\000o\000c\000u\000m\000e\000n\000t\000a\000t\000i\000o\000n}{section.4.3}% 46
\BOOKMARK [3][-]{subsubsection.4.3.1.1}{\376\377\0004\000.\0003\000.\0001\000.\0001\000\040\000f\000i\000c\000h\000i\000e\000r}{subsection.4.3.1}% 47
\BOOKMARK [2][-]{subsection.4.3.2}{\376\377\0004\000.\0003\000.\0002\000\040\000F\000u\000n\000c\000t\000i\000o\000n\000\040\000D\000o\000c\000u\000m\000e\000n\000t\000a\000t\000i\000o\000n}{section.4.3}% 48
\BOOKMARK [3][-]{subsubsection.4.3.2.1}{\376\377\0004\000.\0003\000.\0002\000.\0001\000\040\000a\000f\000f\000i\000c\000h\000a\000g\000e\000\050\000\051}{subsection.4.3.2}% 49
\BOOKMARK [3][-]{subsubsection.4.3.2.2}{\376\377\0004\000.\0003\000.\0002\000.\0002\000\040\000a\000f\000f\000i\000c\000h\000e\000r\000\050\000\051}{subsection.4.3.2}% 50
\BOOKMARK [3][-]{subsubsection.4.3.2.3}{\376\377\0004\000.\0003\000.\0002\000.\0003\000\040\000a\000f\000f\000i\000c\000h\000e\000r\000\137\000n\000b\000r\000\137\000o\000u\000v\000e\000r\000t\000u\000r\000e\000\050\000\051}{subsection.4.3.2}% 51
\BOOKMARK [3][-]{subsubsection.4.3.2.4}{\376\377\0004\000.\0003\000.\0002\000.\0004\000\040\000a\000j\000o\000u\000t\000e\000r\000\137\000e\000n\000f\000a\000n\000t\000\050\000\051}{subsection.4.3.2}% 52
\BOOKMARK [3][-]{subsubsection.4.3.2.5}{\376\377\0004\000.\0003\000.\0002\000.\0005\000\040\000c\000h\000e\000r\000c\000h\000e\000r\000\050\000\051}{subsection.4.3.2}% 53
\BOOKMARK [3][-]{subsubsection.4.3.2.6}{\376\377\0004\000.\0003\000.\0002\000.\0006\000\040\000c\000r\000e\000e\000r\000\050\000\051}{subsection.4.3.2}% 54
\BOOKMARK [3][-]{subsubsection.4.3.2.7}{\376\377\0004\000.\0003\000.\0002\000.\0007\000\040\000d\000e\000p\000l\000a\000c\000e\000r\000\050\000\051}{subsection.4.3.2}% 55
\BOOKMARK [3][-]{subsubsection.4.3.2.8}{\376\377\0004\000.\0003\000.\0002\000.\0008\000\040\000f\000a\000v\000o\000r\000i\000\050\000\051}{subsection.4.3.2}% 56
\BOOKMARK [3][-]{subsubsection.4.3.2.9}{\376\377\0004\000.\0003\000.\0002\000.\0009\000\040\000i\000n\000i\000t\000i\000a\000l\000i\000s\000e\000r\000\050\000\051}{subsection.4.3.2}% 57
\BOOKMARK [3][-]{subsubsection.4.3.2.10}{\376\377\0004\000.\0003\000.\0002\000.\0001\0000\000\040\000m\000y\000\137\000c\000d\000\050\000\051}{subsection.4.3.2}% 58
\BOOKMARK [3][-]{subsubsection.4.3.2.11}{\376\377\0004\000.\0003\000.\0002\000.\0001\0001\000\040\000m\000y\000\137\000c\000h\000m\000o\000d\000\050\000\051}{subsection.4.3.2}% 59
\BOOKMARK [3][-]{subsubsection.4.3.2.12}{\376\377\0004\000.\0003\000.\0002\000.\0001\0002\000\040\000m\000y\000\137\000c\000p\000\050\000\051}{subsection.4.3.2}% 60
\BOOKMARK [3][-]{subsubsection.4.3.2.13}{\376\377\0004\000.\0003\000.\0002\000.\0001\0003\000\040\000m\000y\000\137\000e\000c\000h\000o\000\050\000\051}{subsection.4.3.2}% 61
\BOOKMARK [3][-]{subsubsection.4.3.2.14}{\376\377\0004\000.\0003\000.\0002\000.\0001\0004\000\040\000m\000y\000\137\000l\000s\000\050\000\051}{subsection.4.3.2}% 62
\BOOKMARK [3][-]{subsubsection.4.3.2.15}{\376\377\0004\000.\0003\000.\0002\000.\0001\0005\000\040\000m\000y\000\137\000l\000s\000\137\000a\000\050\000\051}{subsection.4.3.2}% 63
\BOOKMARK [3][-]{subsubsection.4.3.2.16}{\376\377\0004\000.\0003\000.\0002\000.\0001\0006\000\040\000m\000y\000\137\000l\000s\000\137\000l\000\050\000\051}{subsection.4.3.2}% 64
\BOOKMARK [3][-]{subsubsection.4.3.2.17}{\376\377\0004\000.\0003\000.\0002\000.\0001\0007\000\040\000m\000y\000\137\000l\000s\000\137\000l\000a\000\050\000\051}{subsection.4.3.2}% 65
\BOOKMARK [3][-]{subsubsection.4.3.2.18}{\376\377\0004\000.\0003\000.\0002\000.\0001\0008\000\040\000m\000y\000\137\000m\000k\000d\000i\000r\000\050\000\051}{subsection.4.3.2}% 66
\BOOKMARK [3][-]{subsubsection.4.3.2.19}{\376\377\0004\000.\0003\000.\0002\000.\0001\0009\000\040\000m\000y\000\137\000m\000k\000d\000i\000r\000\137\000p\000\050\000\051}{subsection.4.3.2}% 67
\BOOKMARK [3][-]{subsubsection.4.3.2.20}{\376\377\0004\000.\0003\000.\0002\000.\0002\0000\000\040\000m\000y\000\137\000m\000v\000\050\000\051}{subsection.4.3.2}% 68
\BOOKMARK [3][-]{subsubsection.4.3.2.21}{\376\377\0004\000.\0003\000.\0002\000.\0002\0001\000\040\000m\000y\000\137\000p\000w\000d\000\050\000\051}{subsection.4.3.2}% 69
\BOOKMARK [3][-]{subsubsection.4.3.2.22}{\376\377\0004\000.\0003\000.\0002\000.\0002\0002\000\040\000m\000y\000\137\000r\000m\000\050\000\051}{subsection.4.3.2}% 70
\BOOKMARK [3][-]{subsubsection.4.3.2.23}{\376\377\0004\000.\0003\000.\0002\000.\0002\0003\000\040\000m\000y\000\137\000r\000m\000d\000i\000r\000\050\000\051}{subsection.4.3.2}% 71
\BOOKMARK [3][-]{subsubsection.4.3.2.24}{\376\377\0004\000.\0003\000.\0002\000.\0002\0004\000\040\000m\000y\000\137\000t\000o\000u\000c\000h\000\050\000\051}{subsection.4.3.2}% 72
\BOOKMARK [3][-]{subsubsection.4.3.2.25}{\376\377\0004\000.\0003\000.\0002\000.\0002\0005\000\040\000r\000e\000c\000h\000e\000r\000c\000h\000e\000\137\000m\000a\000x\000\050\000\051}{subsection.4.3.2}% 73
\BOOKMARK [1][-]{section.4.4}{\376\377\0004\000.\0004\000\040\000a\000r\000b\000o\000r\000e\000s\000c\000e\000n\000c\000e\000.\000h}{chapter.4}% 74
\BOOKMARK [1][-]{section.4.5}{\376\377\0004\000.\0005\000\040\000i\000n\000c\000l\000u\000d\000e\000/\000g\000e\000s\000t\000i\000o\000n\000\137\000f\000i\000c\000h\000i\000e\000r\000.\000h\000\040\000F\000i\000l\000e\000\040\000R\000e\000f\000e\000r\000e\000n\000c\000e}{chapter.4}% 75
\BOOKMARK [2][-]{subsection.4.5.1}{\376\377\0004\000.\0005\000.\0001\000\040\000D\000e\000t\000a\000i\000l\000e\000d\000\040\000D\000e\000s\000c\000r\000i\000p\000t\000i\000o\000n}{section.4.5}% 76
\BOOKMARK [2][-]{subsection.4.5.2}{\376\377\0004\000.\0005\000.\0002\000\040\000F\000u\000n\000c\000t\000i\000o\000n\000\040\000D\000o\000c\000u\000m\000e\000n\000t\000a\000t\000i\000o\000n}{section.4.5}% 77
\BOOKMARK [3][-]{subsubsection.4.5.2.1}{\376\377\0004\000.\0005\000.\0002\000.\0001\000\040\000a\000f\000f\000i\000c\000h\000e\000\137\000l\000i\000g\000n\000e\000\050\000\051}{subsection.4.5.2}% 78
\BOOKMARK [3][-]{subsubsection.4.5.2.2}{\376\377\0004\000.\0005\000.\0002\000.\0002\000\040\000c\000a\000t\000\137\000f\000i\000c\000h\000i\000e\000r\000\050\000\051}{subsection.4.5.2}% 79
\BOOKMARK [3][-]{subsubsection.4.5.2.3}{\376\377\0004\000.\0005\000.\0002\000.\0003\000\040\000h\000e\000a\000d\000\137\000f\000i\000c\000h\000i\000e\000r\000\050\000\051}{subsection.4.5.2}% 80
\BOOKMARK [3][-]{subsubsection.4.5.2.4}{\376\377\0004\000.\0005\000.\0002\000.\0004\000\040\000i\000n\000s\000e\000r\000t\000\137\000f\000i\000n\000\050\000\051}{subsection.4.5.2}% 81
\BOOKMARK [3][-]{subsubsection.4.5.2.5}{\376\377\0004\000.\0005\000.\0002\000.\0005\000\040\000l\000i\000r\000e\000\137\000h\000i\000s\000t\000o\000i\000r\000e\000\050\000\051}{subsection.4.5.2}% 82
\BOOKMARK [3][-]{subsubsection.4.5.2.6}{\376\377\0004\000.\0005\000.\0002\000.\0006\000\040\000m\000y\000\137\000h\000i\000s\000t\000o\000r\000y\000\050\000\051}{subsection.4.5.2}% 83
\BOOKMARK [3][-]{subsubsection.4.5.2.7}{\376\377\0004\000.\0005\000.\0002\000.\0007\000\040\000m\000y\000\137\000m\000a\000n\000\050\000\051}{subsection.4.5.2}% 84
\BOOKMARK [3][-]{subsubsection.4.5.2.8}{\376\377\0004\000.\0005\000.\0002\000.\0008\000\040\000q\000u\000i\000\137\000e\000s\000t\000\137\000m\000e\000i\000l\000l\000e\000u\000r\000\050\000\051}{subsection.4.5.2}% 85
\BOOKMARK [3][-]{subsubsection.4.5.2.9}{\376\377\0004\000.\0005\000.\0002\000.\0009\000\040\000t\000a\000i\000l\000\137\000f\000i\000c\000h\000i\000e\000r\000\050\000\051}{subsection.4.5.2}% 86
\BOOKMARK [3][-]{subsubsection.4.5.2.10}{\376\377\0004\000.\0005\000.\0002\000.\0001\0000\000\040\000v\000o\000i\000r\000\137\000i\000n\000d\000i\000c\000e\000\050\000\051}{subsection.4.5.2}% 87
\BOOKMARK [1][-]{section.4.6}{\376\377\0004\000.\0006\000\040\000g\000e\000s\000t\000i\000o\000n\000\137\000f\000i\000c\000h\000i\000e\000r\000.\000h}{chapter.4}% 88
\BOOKMARK [1][-]{section.4.7}{\376\377\0004\000.\0007\000\040\000i\000n\000c\000l\000u\000d\000e\000/\000m\000e\000n\000u\000.\000h\000\040\000F\000i\000l\000e\000\040\000R\000e\000f\000e\000r\000e\000n\000c\000e}{chapter.4}% 89
\BOOKMARK [2][-]{subsection.4.7.1}{\376\377\0004\000.\0007\000.\0001\000\040\000F\000u\000n\000c\000t\000i\000o\000n\000\040\000D\000o\000c\000u\000m\000e\000n\000t\000a\000t\000i\000o\000n}{section.4.7}% 90
\BOOKMARK [3][-]{subsubsection.4.7.1.1}{\376\377\0004\000.\0007\000.\0001\000.\0001\000\040\000c\000h\000a\000r\000g\000e\000r\000\137\000p\000a\000r\000t\000i\000e\000\050\000\051}{subsection.4.7.1}% 91
\BOOKMARK [3][-]{subsubsection.4.7.1.2}{\376\377\0004\000.\0007\000.\0001\000.\0002\000\040\000d\000o\000s\000s\000i\000e\000r\000E\000x\000i\000s\000t\000e\000\050\000\051}{subsection.4.7.1}% 92
\BOOKMARK [3][-]{subsubsection.4.7.1.3}{\376\377\0004\000.\0007\000.\0001\000.\0003\000\040\000l\000o\000a\000d\000\137\000g\000a\000m\000e\000\050\000\051}{subsection.4.7.1}% 93
\BOOKMARK [3][-]{subsubsection.4.7.1.4}{\376\377\0004\000.\0007\000.\0001\000.\0004\000\040\000l\000o\000g\000i\000n\000g\000\050\000\051}{subsection.4.7.1}% 94
\BOOKMARK [3][-]{subsubsection.4.7.1.5}{\376\377\0004\000.\0007\000.\0001\000.\0005\000\040\000m\000e\000n\000u\000\137\000p\000r\000i\000c\000i\000p\000a\000l\000e\000\050\000\051}{subsection.4.7.1}% 95
\BOOKMARK [3][-]{subsubsection.4.7.1.6}{\376\377\0004\000.\0007\000.\0001\000.\0006\000\040\000p\000t\000i\000t\000\137\000p\000r\000o\000m\000p\000t\000\050\000\051}{subsection.4.7.1}% 96
\BOOKMARK [3][-]{subsubsection.4.7.1.7}{\376\377\0004\000.\0007\000.\0001\000.\0007\000\040\000q\000u\000i\000t\000\137\000g\000a\000m\000e\000\050\000\051}{subsection.4.7.1}% 97
\BOOKMARK [1][-]{section.4.8}{\376\377\0004\000.\0008\000\040\000m\000e\000n\000u\000.\000h}{chapter.4}% 98
\BOOKMARK [1][-]{section.4.9}{\376\377\0004\000.\0009\000\040\000i\000n\000c\000l\000u\000d\000e\000/\000m\000i\000s\000s\000i\000o\000n\000.\000h\000\040\000F\000i\000l\000e\000\040\000R\000e\000f\000e\000r\000e\000n\000c\000e}{chapter.4}% 99
\BOOKMARK [2][-]{subsection.4.9.1}{\376\377\0004\000.\0009\000.\0001\000\040\000M\000a\000c\000r\000o\000\040\000D\000e\000f\000i\000n\000i\000t\000i\000o\000n\000\040\000D\000o\000c\000u\000m\000e\000n\000t\000a\000t\000i\000o\000n}{section.4.9}% 100
\BOOKMARK [3][-]{subsubsection.4.9.1.1}{\376\377\0004\000.\0009\000.\0001\000.\0001\000\040\000N\000O\000M\000B\000R\000E\000\137\000M\000I\000S\000S\000I\000O\000N}{subsection.4.9.1}% 101
\BOOKMARK [2][-]{subsection.4.9.2}{\376\377\0004\000.\0009\000.\0002\000\040\000T\000y\000p\000e\000d\000e\000f\000\040\000D\000o\000c\000u\000m\000e\000n\000t\000a\000t\000i\000o\000n}{section.4.9}% 102
\BOOKMARK [3][-]{subsubsection.4.9.2.1}{\376\377\0004\000.\0009\000.\0002\000.\0001\000\040\000M\000i\000s\000s\000i\000o\000n}{subsection.4.9.2}% 103
\BOOKMARK [2][-]{subsection.4.9.3}{\376\377\0004\000.\0009\000.\0003\000\040\000F\000u\000n\000c\000t\000i\000o\000n\000\040\000D\000o\000c\000u\000m\000e\000n\000t\000a\000t\000i\000o\000n}{section.4.9}% 104
\BOOKMARK [3][-]{subsubsection.4.9.3.1}{\376\377\0004\000.\0009\000.\0003\000.\0001\000\040\000i\000n\000t\000r\000o\000\050\000\051}{subsection.4.9.3}% 105
\BOOKMARK [3][-]{subsubsection.4.9.3.2}{\376\377\0004\000.\0009\000.\0003\000.\0002\000\040\000l\000o\000a\000d\000\137\000s\000t\000r\000u\000c\000t\000\137\000m\000i\000s\000s\000i\000o\000n\000\050\000\051}{subsection.4.9.3}% 106
\BOOKMARK [3][-]{subsubsection.4.9.3.3}{\376\377\0004\000.\0009\000.\0003\000.\0003\000\040\000m\000a\000p\000\137\000i\000n\000i\000t\000i\000a\000l\000i\000s\000a\000t\000i\000o\000n\000\050\000\051}{subsection.4.9.3}% 107
\BOOKMARK [3][-]{subsubsection.4.9.3.4}{\376\377\0004\000.\0009\000.\0003\000.\0004\000\040\000m\000i\000s\000s\000i\000o\000n\000\137\0001\000\050\000\051}{subsection.4.9.3}% 108
\BOOKMARK [3][-]{subsubsection.4.9.3.5}{\376\377\0004\000.\0009\000.\0003\000.\0005\000\040\000m\000i\000s\000s\000i\000o\000n\000\137\0001\0000\000\050\000\051}{subsection.4.9.3}% 109
\BOOKMARK [3][-]{subsubsection.4.9.3.6}{\376\377\0004\000.\0009\000.\0003\000.\0006\000\040\000m\000i\000s\000s\000i\000o\000n\000\137\0001\0001\000\050\000\051}{subsection.4.9.3}% 110
\BOOKMARK [3][-]{subsubsection.4.9.3.7}{\376\377\0004\000.\0009\000.\0003\000.\0007\000\040\000m\000i\000s\000s\000i\000o\000n\000\137\0001\0002\000\050\000\051}{subsection.4.9.3}% 111
\BOOKMARK [3][-]{subsubsection.4.9.3.8}{\376\377\0004\000.\0009\000.\0003\000.\0008\000\040\000m\000i\000s\000s\000i\000o\000n\000\137\0001\0003\000\050\000\051}{subsection.4.9.3}% 112
\BOOKMARK [3][-]{subsubsection.4.9.3.9}{\376\377\0004\000.\0009\000.\0003\000.\0009\000\040\000m\000i\000s\000s\000i\000o\000n\000\137\0001\0004\000\050\000\051}{subsection.4.9.3}% 113
\BOOKMARK [3][-]{subsubsection.4.9.3.10}{\376\377\0004\000.\0009\000.\0003\000.\0001\0000\000\040\000m\000i\000s\000s\000i\000o\000n\000\137\0002\000\050\000\051}{subsection.4.9.3}% 114
\BOOKMARK [3][-]{subsubsection.4.9.3.11}{\376\377\0004\000.\0009\000.\0003\000.\0001\0001\000\040\000m\000i\000s\000s\000i\000o\000n\000\137\0003\000\050\000\051}{subsection.4.9.3}% 115
\BOOKMARK [3][-]{subsubsection.4.9.3.12}{\376\377\0004\000.\0009\000.\0003\000.\0001\0002\000\040\000m\000i\000s\000s\000i\000o\000n\000\137\0004\000\050\000\051}{subsection.4.9.3}% 116
\BOOKMARK [3][-]{subsubsection.4.9.3.13}{\376\377\0004\000.\0009\000.\0003\000.\0001\0003\000\040\000m\000i\000s\000s\000i\000o\000n\000\137\0005\000\050\000\051}{subsection.4.9.3}% 117
\BOOKMARK [3][-]{subsubsection.4.9.3.14}{\376\377\0004\000.\0009\000.\0003\000.\0001\0004\000\040\000m\000i\000s\000s\000i\000o\000n\000\137\0006\000\050\000\051}{subsection.4.9.3}% 118
\BOOKMARK [3][-]{subsubsection.4.9.3.15}{\376\377\0004\000.\0009\000.\0003\000.\0001\0005\000\040\000m\000i\000s\000s\000i\000o\000n\000\137\0007\000\050\000\051}{subsection.4.9.3}% 119
\BOOKMARK [3][-]{subsubsection.4.9.3.16}{\376\377\0004\000.\0009\000.\0003\000.\0001\0006\000\040\000m\000i\000s\000s\000i\000o\000n\000\137\0008\000\050\000\051}{subsection.4.9.3}% 120
\BOOKMARK [3][-]{subsubsection.4.9.3.17}{\376\377\0004\000.\0009\000.\0003\000.\0001\0007\000\040\000m\000i\000s\000s\000i\000o\000n\000\137\0009\000\050\000\051}{subsection.4.9.3}% 121
\BOOKMARK [3][-]{subsubsection.4.9.3.18}{\376\377\0004\000.\0009\000.\0003\000.\0001\0008\000\040\000p\000r\000o\000m\000p\000t\000\137\000m\000i\000s\000s\000i\000o\000n\000\050\000\051}{subsection.4.9.3}% 122
\BOOKMARK [3][-]{subsubsection.4.9.3.19}{\376\377\0004\000.\0009\000.\0003\000.\0001\0009\000\040\000r\000\351\000i\000n\000i\000t\000i\000a\000l\000i\000s\000a\000t\000i\000o\000n\000\137\000m\000i\000s\000s\000i\000o\000n\000\050\000\051}{subsection.4.9.3}% 123
\BOOKMARK [3][-]{subsubsection.4.9.3.20}{\376\377\0004\000.\0009\000.\0003\000.\0002\0000\000\040\000s\000a\000u\000v\000e\000g\000a\000r\000d\000e\000\137\000d\000e\000r\000n\000i\000e\000r\000\137\000p\000a\000r\000t\000i\000e\000\050\000\051}{subsection.4.9.3}% 124
\BOOKMARK [3][-]{subsubsection.4.9.3.21}{\376\377\0004\000.\0009\000.\0003\000.\0002\0001\000\040\000v\000e\000r\000i\000f\000i\000c\000a\000t\000i\000o\000n\000\137\000m\000i\000s\000s\000i\000o\000n\000\050\000\051}{subsection.4.9.3}% 125
\BOOKMARK [3][-]{subsubsection.4.9.3.22}{\376\377\0004\000.\0009\000.\0003\000.\0002\0002\000\040\000v\000e\000r\000i\000f\000i\000c\000a\000t\000i\000o\000n\000\137\000r\000e\000u\000s\000s\000i\000t\000e\000\050\000\051}{subsection.4.9.3}% 126
\BOOKMARK [1][-]{section.4.10}{\376\377\0004\000.\0001\0000\000\040\000m\000i\000s\000s\000i\000o\000n\000.\000h}{chapter.4}% 127
\BOOKMARK [1][-]{section.4.11}{\376\377\0004\000.\0001\0001\000\040\000i\000n\000c\000l\000u\000d\000e\000/\000p\000r\000o\000m\000p\000t\000.\000h\000\040\000F\000i\000l\000e\000\040\000R\000e\000f\000e\000r\000e\000n\000c\000e}{chapter.4}% 128
\BOOKMARK [2][-]{subsection.4.11.1}{\376\377\0004\000.\0001\0001\000.\0001\000\040\000D\000e\000t\000a\000i\000l\000e\000d\000\040\000D\000e\000s\000c\000r\000i\000p\000t\000i\000o\000n}{section.4.11}% 129
\BOOKMARK [2][-]{subsection.4.11.2}{\376\377\0004\000.\0001\0001\000.\0002\000\040\000M\000a\000c\000r\000o\000\040\000D\000e\000f\000i\000n\000i\000t\000i\000o\000n\000\040\000D\000o\000c\000u\000m\000e\000n\000t\000a\000t\000i\000o\000n}{section.4.11}% 130
\BOOKMARK [3][-]{subsubsection.4.11.2.1}{\376\377\0004\000.\0001\0001\000.\0002\000.\0001\000\040\000L\000I\000G\000N\000E}{subsection.4.11.2}% 131
\BOOKMARK [3][-]{subsubsection.4.11.2.2}{\376\377\0004\000.\0001\0001\000.\0002\000.\0002\000\040\000M\000O\000T}{subsection.4.11.2}% 132
\BOOKMARK [3][-]{subsubsection.4.11.2.3}{\376\377\0004\000.\0001\0001\000.\0002\000.\0003\000\040\000S\000O\000R\000T\000I\000R}{subsection.4.11.2}% 133
\BOOKMARK [2][-]{subsection.4.11.3}{\376\377\0004\000.\0001\0001\000.\0003\000\040\000T\000y\000p\000e\000d\000e\000f\000\040\000D\000o\000c\000u\000m\000e\000n\000t\000a\000t\000i\000o\000n}{section.4.11}% 134
\BOOKMARK [3][-]{subsubsection.4.11.3.1}{\376\377\0004\000.\0001\0001\000.\0003\000.\0001\000\040\000l\000i\000g\000n\000e\000\137\000c\000o\000m\000m\000a\000n\000d\000e}{subsection.4.11.3}% 135
\BOOKMARK [2][-]{subsection.4.11.4}{\376\377\0004\000.\0001\0001\000.\0004\000\040\000F\000u\000n\000c\000t\000i\000o\000n\000\040\000D\000o\000c\000u\000m\000e\000n\000t\000a\000t\000i\000o\000n}{section.4.11}% 136
\BOOKMARK [3][-]{subsubsection.4.11.4.1}{\376\377\0004\000.\0001\0001\000.\0004\000.\0001\000\040\000a\000f\000f\000i\000c\000h\000e\000\137\000c\000o\000m\000m\000a\000n\000d\000e\000\050\000\051}{subsection.4.11.4}% 137
\BOOKMARK [3][-]{subsubsection.4.11.4.2}{\376\377\0004\000.\0001\0001\000.\0004\000.\0002\000\040\000a\000f\000f\000i\000c\000h\000e\000\137\000p\000r\000o\000m\000p\000t\000\050\000\051}{subsection.4.11.4}% 138
\BOOKMARK [3][-]{subsubsection.4.11.4.3}{\376\377\0004\000.\0001\0001\000.\0004\000.\0003\000\040\000a\000u\000t\000o\000\137\000c\000o\000m\000p\000l\000e\000t\000i\000o\000n\000\050\000\051}{subsection.4.11.4}% 139
\BOOKMARK [3][-]{subsubsection.4.11.4.4}{\376\377\0004\000.\0001\0001\000.\0004\000.\0004\000\040\000c\000o\000m\000m\000a\000n\000d\000e\000\137\000o\000p\000t\000i\000o\000n\000\050\000\051}{subsection.4.11.4}% 140
\BOOKMARK [3][-]{subsubsection.4.11.4.5}{\376\377\0004\000.\0001\0001\000.\0004\000.\0005\000\040\000c\000o\000m\000p\000t\000e\000r\000\137\000m\000o\000t\000\050\000\051}{subsection.4.11.4}% 141
\BOOKMARK [3][-]{subsubsection.4.11.4.6}{\376\377\0004\000.\0001\0001\000.\0004\000.\0006\000\040\000d\000e\000c\000r\000e\000m\000e\000n\000t\000\137\000s\000c\000o\000r\000e\000\050\000\051}{subsection.4.11.4}% 142
\BOOKMARK [3][-]{subsubsection.4.11.4.7}{\376\377\0004\000.\0001\0001\000.\0004\000.\0007\000\040\000e\000f\000f\000a\000c\000e\000\137\000c\000a\000r\000a\000\050\000\051}{subsection.4.11.4}% 143
\BOOKMARK [3][-]{subsubsection.4.11.4.8}{\376\377\0004\000.\0001\0001\000.\0004\000.\0008\000\040\000e\000x\000e\000c\000u\000t\000e\000\050\000\051}{subsection.4.11.4}% 144
\BOOKMARK [3][-]{subsubsection.4.11.4.9}{\376\377\0004\000.\0001\0001\000.\0004\000.\0009\000\040\000g\000e\000t\000\137\000p\000o\000i\000n\000t\000\050\000\051}{subsection.4.11.4}% 145
\BOOKMARK [3][-]{subsubsection.4.11.4.10}{\376\377\0004\000.\0001\0001\000.\0004\000.\0001\0000\000\040\000g\000e\000t\000\137\000p\000w\000d\000\050\000\051}{subsection.4.11.4}% 146
\BOOKMARK [3][-]{subsubsection.4.11.4.11}{\376\377\0004\000.\0001\0001\000.\0004\000.\0001\0001\000\040\000g\000e\000t\000N\000o\000m\000J\000o\000u\000e\000u\000r\000\050\000\051}{subsection.4.11.4}% 147
\BOOKMARK [3][-]{subsubsection.4.11.4.12}{\376\377\0004\000.\0001\0001\000.\0004\000.\0001\0002\000\040\000i\000n\000c\000r\000e\000m\000e\000n\000t\000\137\000s\000c\000o\000r\000e\000\050\000\051}{subsection.4.11.4}% 148
\BOOKMARK [3][-]{subsubsection.4.11.4.13}{\376\377\0004\000.\0001\0001\000.\0004\000.\0001\0003\000\040\000i\000n\000s\000e\000r\000e\000r\000\050\000\051}{subsection.4.11.4}% 149
\BOOKMARK [3][-]{subsubsection.4.11.4.14}{\376\377\0004\000.\0001\0001\000.\0004\000.\0001\0004\000\040\000i\000n\000s\000e\000r\000e\000r\000\137\000m\000o\000t\000\137\000d\000a\000n\000s\000\050\000\051}{subsection.4.11.4}% 150
\BOOKMARK [3][-]{subsubsection.4.11.4.15}{\376\377\0004\000.\0001\0001\000.\0004\000.\0001\0005\000\040\000m\000y\000\137\000g\000e\000t\000\137\000l\000i\000g\000n\000e\000\050\000\051}{subsection.4.11.4}% 151
\BOOKMARK [3][-]{subsubsection.4.11.4.16}{\376\377\0004\000.\0001\0001\000.\0004\000.\0001\0006\000\040\000p\000r\000e\000n\000d\000\137\000l\000i\000g\000n\000e\000\137\000c\000o\000m\000m\000a\000n\000d\000\050\000\051}{subsection.4.11.4}% 152
\BOOKMARK [3][-]{subsubsection.4.11.4.17}{\376\377\0004\000.\0001\0001\000.\0004\000.\0001\0007\000\040\000p\000r\000e\000n\000d\000\137\000m\000o\000t\000\137\000d\000a\000n\000s\000\050\000\051}{subsection.4.11.4}% 153
\BOOKMARK [3][-]{subsubsection.4.11.4.18}{\376\377\0004\000.\0001\0001\000.\0004\000.\0001\0008\000\040\000r\000a\000p\000p\000o\000r\000t\000\137\000m\000i\000s\000s\000i\000o\000n\000\050\000\051}{subsection.4.11.4}% 154
\BOOKMARK [3][-]{subsubsection.4.11.4.19}{\376\377\0004\000.\0001\0001\000.\0004\000.\0001\0009\000\040\000t\000a\000i\000l\000l\000e\000\137\000d\000e\000\050\000\051}{subsection.4.11.4}% 155
\BOOKMARK [3][-]{subsubsection.4.11.4.20}{\376\377\0004\000.\0001\0001\000.\0004\000.\0002\0000\000\040\000t\000o\000u\000c\000h\000e\000\137\000s\000u\000p\000p\000r\000\050\000\051}{subsection.4.11.4}% 156
\BOOKMARK [3][-]{subsubsection.4.11.4.21}{\376\377\0004\000.\0001\0001\000.\0004\000.\0002\0001\000\040\000t\000o\000u\000c\000h\000e\000s\000\137\000g\000a\000u\000c\000h\000e\000\137\000d\000r\000o\000i\000t\000e\000\050\000\051}{subsection.4.11.4}% 157
\BOOKMARK [3][-]{subsubsection.4.11.4.22}{\376\377\0004\000.\0001\0001\000.\0004\000.\0002\0002\000\040\000t\000o\000u\000c\000h\000e\000s\000\137\000h\000a\000u\000t\000\137\000b\000a\000s\000\050\000\051}{subsection.4.11.4}% 158
\BOOKMARK [3][-]{subsubsection.4.11.4.23}{\376\377\0004\000.\0001\0001\000.\0004\000.\0002\0003\000\040\000t\000r\000o\000u\000v\000e\000r\000\137\000a\000v\000a\000n\000t\000\050\000\051}{subsection.4.11.4}% 159
\BOOKMARK [3][-]{subsubsection.4.11.4.24}{\376\377\0004\000.\0001\0001\000.\0004\000.\0002\0004\000\040\000v\000i\000d\000e\000\137\000l\000i\000g\000n\000e\000\050\000\051}{subsection.4.11.4}% 160
\BOOKMARK [1][-]{section.4.12}{\376\377\0004\000.\0001\0002\000\040\000p\000r\000o\000m\000p\000t\000.\000h}{chapter.4}% 161
\BOOKMARK [1][-]{section.4.13}{\376\377\0004\000.\0001\0003\000\040\000i\000n\000c\000l\000u\000d\000e\000/\000s\000\351\000c\000u\000r\000e\000.\000h\000\040\000F\000i\000l\000e\000\040\000R\000e\000f\000e\000r\000e\000n\000c\000e}{chapter.4}% 162
\BOOKMARK [2][-]{subsection.4.13.1}{\376\377\0004\000.\0001\0003\000.\0001\000\040\000F\000u\000n\000c\000t\000i\000o\000n\000\040\000D\000o\000c\000u\000m\000e\000n\000t\000a\000t\000i\000o\000n}{section.4.13}% 163
\BOOKMARK [3][-]{subsubsection.4.13.1.1}{\376\377\0004\000.\0001\0003\000.\0001\000.\0001\000\040\000l\000i\000r\000e\000D\000o\000u\000b\000l\000e\000\050\000\051}{subsection.4.13.1}% 164
\BOOKMARK [3][-]{subsubsection.4.13.1.2}{\376\377\0004\000.\0001\0003\000.\0001\000.\0002\000\040\000l\000i\000r\000e\000E\000n\000t\000i\000e\000r\000\050\000\051}{subsection.4.13.1}% 165
\BOOKMARK [3][-]{subsubsection.4.13.1.3}{\376\377\0004\000.\0001\0003\000.\0001\000.\0003\000\040\000l\000i\000r\000e\000F\000l\000o\000a\000t\000\050\000\051}{subsection.4.13.1}% 166
\BOOKMARK [3][-]{subsubsection.4.13.1.4}{\376\377\0004\000.\0001\0003\000.\0001\000.\0004\000\040\000l\000i\000r\000e\000L\000i\000g\000n\000e\000\050\000\051}{subsection.4.13.1}% 167
\BOOKMARK [1][-]{section.4.14}{\376\377\0004\000.\0001\0004\000\040\000s\000\351\000c\000u\000r\000e\000.\000h}{chapter.4}% 168
\BOOKMARK [1][-]{section.4.15}{\376\377\0004\000.\0001\0005\000\040\000s\000r\000c\000/\000a\000f\000f\000i\000c\000h\000a\000g\000e\000.\000c\000\040\000F\000i\000l\000e\000\040\000R\000e\000f\000e\000r\000e\000n\000c\000e}{chapter.4}% 169
\BOOKMARK [2][-]{subsection.4.15.1}{\376\377\0004\000.\0001\0005\000.\0001\000\040\000M\000a\000c\000r\000o\000\040\000D\000e\000f\000i\000n\000i\000t\000i\000o\000n\000\040\000D\000o\000c\000u\000m\000e\000n\000t\000a\000t\000i\000o\000n}{section.4.15}% 170
\BOOKMARK [3][-]{subsubsection.4.15.1.1}{\376\377\0004\000.\0001\0005\000.\0001\000.\0001\000\040\000E\000S\000P\000A\000C\000E}{subsection.4.15.1}% 171
\BOOKMARK [2][-]{subsection.4.15.2}{\376\377\0004\000.\0001\0005\000.\0002\000\040\000F\000u\000n\000c\000t\000i\000o\000n\000\040\000D\000o\000c\000u\000m\000e\000n\000t\000a\000t\000i\000o\000n}{section.4.15}% 172
\BOOKMARK [3][-]{subsubsection.4.15.2.1}{\376\377\0004\000.\0001\0005\000.\0002\000.\0001\000\040\000a\000f\000f\000i\000c\000h\000a\000g\000e\000\137\000l\000i\000g\000n\000e\000\050\000\051}{subsection.4.15.2}% 173
\BOOKMARK [3][-]{subsubsection.4.15.2.2}{\376\377\0004\000.\0001\0005\000.\0002\000.\0002\000\040\000a\000f\000f\000i\000c\000h\000e\000\137\000f\000i\000c\000h\000i\000e\000r\000\050\000\051}{subsection.4.15.2}% 174
\BOOKMARK [3][-]{subsubsection.4.15.2.3}{\376\377\0004\000.\0001\0005\000.\0002\000.\0003\000\040\000a\000f\000f\000i\000c\000h\000e\000\137\000f\000i\000c\000h\000i\000e\000r\000\137\000t\000a\000b\000l\000e\000a\000u\000\137\000c\000u\000r\000s\000e\000\137\000p\000o\000s\000i\000t\000i\000o\000n\000\137\000e\000x\000a\000c\000t\000e\000\050\000\051}{subsection.4.15.2}% 175
\BOOKMARK [3][-]{subsubsection.4.15.2.4}{\376\377\0004\000.\0001\0005\000.\0002\000.\0004\000\040\000a\000f\000f\000i\000c\000h\000e\000r\000\137\000t\000a\000b\000l\000e\000a\000u\000\137\000a\000v\000e\000c\000\137\000t\000i\000t\000r\000e\000\137\000p\000o\000s\000i\000t\000i\000o\000n\000\137\000e\000x\000a\000c\000t\000e\000\050\000\051}{subsection.4.15.2}% 176
\BOOKMARK [3][-]{subsubsection.4.15.2.5}{\376\377\0004\000.\0001\0005\000.\0002\000.\0005\000\040\000e\000c\000h\000e\000c\000\050\000\051}{subsection.4.15.2}% 177
\BOOKMARK [3][-]{subsubsection.4.15.2.6}{\376\377\0004\000.\0001\0005\000.\0002\000.\0006\000\040\000f\000e\000l\000i\000c\000i\000t\000a\000t\000i\000o\000n\000\050\000\051}{subsection.4.15.2}% 178
\BOOKMARK [3][-]{subsubsection.4.15.2.7}{\376\377\0004\000.\0001\0005\000.\0002\000.\0007\000\040\000s\000c\000r\000e\000e\000n\000\137\000c\000l\000e\000a\000r\000\050\000\051}{subsection.4.15.2}% 179
\BOOKMARK [1][-]{section.4.16}{\376\377\0004\000.\0001\0006\000\040\000a\000f\000f\000i\000c\000h\000a\000g\000e\000.\000c}{chapter.4}% 180
\BOOKMARK [1][-]{section.4.17}{\376\377\0004\000.\0001\0007\000\040\000s\000r\000c\000/\000a\000r\000b\000o\000r\000e\000s\000c\000e\000n\000c\000e\000.\000c\000\040\000F\000i\000l\000e\000\040\000R\000e\000f\000e\000r\000e\000n\000c\000e}{chapter.4}% 181
\BOOKMARK [2][-]{subsection.4.17.1}{\376\377\0004\000.\0001\0007\000.\0001\000\040\000D\000e\000t\000a\000i\000l\000e\000d\000\040\000D\000e\000s\000c\000r\000i\000p\000t\000i\000o\000n}{section.4.17}% 182
\BOOKMARK [2][-]{subsection.4.17.2}{\376\377\0004\000.\0001\0007\000.\0002\000\040\000F\000u\000n\000c\000t\000i\000o\000n\000\040\000D\000o\000c\000u\000m\000e\000n\000t\000a\000t\000i\000o\000n}{section.4.17}% 183
\BOOKMARK [3][-]{subsubsection.4.17.2.1}{\376\377\0004\000.\0001\0007\000.\0002\000.\0001\000\040\000a\000f\000f\000i\000c\000h\000a\000g\000e\000\050\000\051}{subsection.4.17.2}% 184
\BOOKMARK [3][-]{subsubsection.4.17.2.2}{\376\377\0004\000.\0001\0007\000.\0002\000.\0002\000\040\000a\000f\000f\000i\000c\000h\000e\000r\000\050\000\051}{subsection.4.17.2}% 185
\BOOKMARK [3][-]{subsubsection.4.17.2.3}{\376\377\0004\000.\0001\0007\000.\0002\000.\0003\000\040\000a\000f\000f\000i\000c\000h\000e\000r\000\137\000n\000b\000r\000\137\000o\000u\000v\000e\000r\000t\000u\000r\000e\000\050\000\051}{subsection.4.17.2}% 186
\BOOKMARK [3][-]{subsubsection.4.17.2.4}{\376\377\0004\000.\0001\0007\000.\0002\000.\0004\000\040\000a\000j\000o\000u\000t\000e\000r\000\137\000e\000n\000f\000a\000n\000t\000\050\000\051}{subsection.4.17.2}% 187
\BOOKMARK [3][-]{subsubsection.4.17.2.5}{\376\377\0004\000.\0001\0007\000.\0002\000.\0005\000\040\000c\000h\000e\000r\000c\000h\000e\000r\000\050\000\051}{subsection.4.17.2}% 188
\BOOKMARK [3][-]{subsubsection.4.17.2.6}{\376\377\0004\000.\0001\0007\000.\0002\000.\0006\000\040\000c\000r\000e\000e\000r\000\050\000\051}{subsection.4.17.2}% 189
\BOOKMARK [3][-]{subsubsection.4.17.2.7}{\376\377\0004\000.\0001\0007\000.\0002\000.\0007\000\040\000d\000e\000p\000l\000a\000c\000e\000r\000\050\000\051}{subsection.4.17.2}% 190
\BOOKMARK [3][-]{subsubsection.4.17.2.8}{\376\377\0004\000.\0001\0007\000.\0002\000.\0008\000\040\000f\000a\000v\000o\000r\000i\000\050\000\051}{subsection.4.17.2}% 191
\BOOKMARK [3][-]{subsubsection.4.17.2.9}{\376\377\0004\000.\0001\0007\000.\0002\000.\0009\000\040\000m\000y\000\137\000c\000d\000\050\000\051}{subsection.4.17.2}% 192
\BOOKMARK [3][-]{subsubsection.4.17.2.10}{\376\377\0004\000.\0001\0007\000.\0002\000.\0001\0000\000\040\000m\000y\000\137\000c\000h\000m\000o\000d\000\050\000\051}{subsection.4.17.2}% 193
\BOOKMARK [3][-]{subsubsection.4.17.2.11}{\376\377\0004\000.\0001\0007\000.\0002\000.\0001\0001\000\040\000m\000y\000\137\000c\000p\000\050\000\051}{subsection.4.17.2}% 194
\BOOKMARK [3][-]{subsubsection.4.17.2.12}{\376\377\0004\000.\0001\0007\000.\0002\000.\0001\0002\000\040\000m\000y\000\137\000e\000c\000h\000o\000\050\000\051}{subsection.4.17.2}% 195
\BOOKMARK [3][-]{subsubsection.4.17.2.13}{\376\377\0004\000.\0001\0007\000.\0002\000.\0001\0003\000\040\000m\000y\000\137\000l\000s\000\050\000\051}{subsection.4.17.2}% 196
\BOOKMARK [3][-]{subsubsection.4.17.2.14}{\376\377\0004\000.\0001\0007\000.\0002\000.\0001\0004\000\040\000m\000y\000\137\000l\000s\000\137\000a\000\050\000\051}{subsection.4.17.2}% 197
\BOOKMARK [3][-]{subsubsection.4.17.2.15}{\376\377\0004\000.\0001\0007\000.\0002\000.\0001\0005\000\040\000m\000y\000\137\000l\000s\000\137\000l\000\050\000\051}{subsection.4.17.2}% 198
\BOOKMARK [3][-]{subsubsection.4.17.2.16}{\376\377\0004\000.\0001\0007\000.\0002\000.\0001\0006\000\040\000m\000y\000\137\000l\000s\000\137\000l\000a\000\050\000\051}{subsection.4.17.2}% 199
\BOOKMARK [3][-]{subsubsection.4.17.2.17}{\376\377\0004\000.\0001\0007\000.\0002\000.\0001\0007\000\040\000m\000y\000\137\000m\000k\000d\000i\000r\000\050\000\051}{subsection.4.17.2}% 200
\BOOKMARK [3][-]{subsubsection.4.17.2.18}{\376\377\0004\000.\0001\0007\000.\0002\000.\0001\0008\000\040\000m\000y\000\137\000m\000k\000d\000i\000r\000\137\000p\000\050\000\051}{subsection.4.17.2}% 201
\BOOKMARK [3][-]{subsubsection.4.17.2.19}{\376\377\0004\000.\0001\0007\000.\0002\000.\0001\0009\000\040\000m\000y\000\137\000m\000v\000\050\000\051}{subsection.4.17.2}% 202
\BOOKMARK [3][-]{subsubsection.4.17.2.20}{\376\377\0004\000.\0001\0007\000.\0002\000.\0002\0000\000\040\000m\000y\000\137\000p\000w\000d\000\050\000\051}{subsection.4.17.2}% 203
\BOOKMARK [3][-]{subsubsection.4.17.2.21}{\376\377\0004\000.\0001\0007\000.\0002\000.\0002\0001\000\040\000m\000y\000\137\000r\000m\000\050\000\051}{subsection.4.17.2}% 204
\BOOKMARK [3][-]{subsubsection.4.17.2.22}{\376\377\0004\000.\0001\0007\000.\0002\000.\0002\0002\000\040\000m\000y\000\137\000r\000m\000d\000i\000r\000\050\000\051}{subsection.4.17.2}% 205
\BOOKMARK [3][-]{subsubsection.4.17.2.23}{\376\377\0004\000.\0001\0007\000.\0002\000.\0002\0003\000\040\000m\000y\000\137\000t\000o\000u\000c\000h\000\050\000\051}{subsection.4.17.2}% 206
\BOOKMARK [3][-]{subsubsection.4.17.2.24}{\376\377\0004\000.\0001\0007\000.\0002\000.\0002\0004\000\040\000r\000e\000c\000h\000e\000r\000c\000h\000e\000\137\000m\000a\000x\000\050\000\051}{subsection.4.17.2}% 207
\BOOKMARK [1][-]{section.4.18}{\376\377\0004\000.\0001\0008\000\040\000a\000r\000b\000o\000r\000e\000s\000c\000e\000n\000c\000e\000.\000c}{chapter.4}% 208
\BOOKMARK [1][-]{section.4.19}{\376\377\0004\000.\0001\0009\000\040\000s\000r\000c\000/\000g\000e\000s\000t\000i\000o\000n\000\137\000f\000i\000c\000h\000i\000e\000r\000.\000c\000\040\000F\000i\000l\000e\000\040\000R\000e\000f\000e\000r\000e\000n\000c\000e}{chapter.4}% 209
\BOOKMARK [2][-]{subsection.4.19.1}{\376\377\0004\000.\0001\0009\000.\0001\000\040\000D\000e\000t\000a\000i\000l\000e\000d\000\040\000D\000e\000s\000c\000r\000i\000p\000t\000i\000o\000n}{section.4.19}% 210
\BOOKMARK [2][-]{subsection.4.19.2}{\376\377\0004\000.\0001\0009\000.\0002\000\040\000F\000u\000n\000c\000t\000i\000o\000n\000\040\000D\000o\000c\000u\000m\000e\000n\000t\000a\000t\000i\000o\000n}{section.4.19}% 211
\BOOKMARK [3][-]{subsubsection.4.19.2.1}{\376\377\0004\000.\0001\0009\000.\0002\000.\0001\000\040\000a\000f\000f\000i\000c\000h\000e\000\137\000l\000i\000g\000n\000e\000\050\000\051}{subsection.4.19.2}% 212
\BOOKMARK [3][-]{subsubsection.4.19.2.2}{\376\377\0004\000.\0001\0009\000.\0002\000.\0002\000\040\000c\000a\000t\000\137\000f\000i\000c\000h\000i\000e\000r\000\050\000\051}{subsection.4.19.2}% 213
\BOOKMARK [3][-]{subsubsection.4.19.2.3}{\376\377\0004\000.\0001\0009\000.\0002\000.\0003\000\040\000h\000e\000a\000d\000\137\000f\000i\000c\000h\000i\000e\000r\000\050\000\051}{subsection.4.19.2}% 214
\BOOKMARK [3][-]{subsubsection.4.19.2.4}{\376\377\0004\000.\0001\0009\000.\0002\000.\0004\000\040\000i\000n\000s\000e\000r\000t\000\137\000f\000i\000n\000\050\000\051}{subsection.4.19.2}% 215
\BOOKMARK [3][-]{subsubsection.4.19.2.5}{\376\377\0004\000.\0001\0009\000.\0002\000.\0005\000\040\000l\000i\000r\000e\000\137\000h\000i\000s\000t\000o\000i\000r\000e\000\050\000\051}{subsection.4.19.2}% 216
\BOOKMARK [3][-]{subsubsection.4.19.2.6}{\376\377\0004\000.\0001\0009\000.\0002\000.\0006\000\040\000m\000y\000\137\000h\000i\000s\000t\000o\000r\000y\000\050\000\051}{subsection.4.19.2}% 217
\BOOKMARK [3][-]{subsubsection.4.19.2.7}{\376\377\0004\000.\0001\0009\000.\0002\000.\0007\000\040\000m\000y\000\137\000m\000a\000n\000\050\000\051}{subsection.4.19.2}% 218
\BOOKMARK [3][-]{subsubsection.4.19.2.8}{\376\377\0004\000.\0001\0009\000.\0002\000.\0008\000\040\000q\000u\000i\000\137\000e\000s\000t\000\137\000m\000e\000i\000l\000l\000e\000u\000r\000\050\000\051}{subsection.4.19.2}% 219
\BOOKMARK [3][-]{subsubsection.4.19.2.9}{\376\377\0004\000.\0001\0009\000.\0002\000.\0009\000\040\000t\000a\000i\000l\000\137\000f\000i\000c\000h\000i\000e\000r\000\050\000\051}{subsection.4.19.2}% 220
\BOOKMARK [3][-]{subsubsection.4.19.2.10}{\376\377\0004\000.\0001\0009\000.\0002\000.\0001\0000\000\040\000v\000o\000i\000r\000\137\000i\000n\000d\000i\000c\000e\000\050\000\051}{subsection.4.19.2}% 221
\BOOKMARK [1][-]{section.4.20}{\376\377\0004\000.\0002\0000\000\040\000g\000e\000s\000t\000i\000o\000n\000\137\000f\000i\000c\000h\000i\000e\000r\000.\000c}{chapter.4}% 222
\BOOKMARK [1][-]{section.4.21}{\376\377\0004\000.\0002\0001\000\040\000s\000r\000c\000/\000m\000a\000i\000n\000.\000c\000\040\000F\000i\000l\000e\000\040\000R\000e\000f\000e\000r\000e\000n\000c\000e}{chapter.4}% 223
\BOOKMARK [2][-]{subsection.4.21.1}{\376\377\0004\000.\0002\0001\000.\0001\000\040\000D\000e\000t\000a\000i\000l\000e\000d\000\040\000D\000e\000s\000c\000r\000i\000p\000t\000i\000o\000n}{section.4.21}% 224
\BOOKMARK [2][-]{subsection.4.21.2}{\376\377\0004\000.\0002\0001\000.\0002\000\040\000F\000u\000n\000c\000t\000i\000o\000n\000\040\000D\000o\000c\000u\000m\000e\000n\000t\000a\000t\000i\000o\000n}{section.4.21}% 225
\BOOKMARK [3][-]{subsubsection.4.21.2.1}{\376\377\0004\000.\0002\0001\000.\0002\000.\0001\000\040\000m\000a\000i\000n\000\050\000\051}{subsection.4.21.2}% 226
\BOOKMARK [1][-]{section.4.22}{\376\377\0004\000.\0002\0002\000\040\000m\000a\000i\000n\000.\000c}{chapter.4}% 227
\BOOKMARK [1][-]{section.4.23}{\376\377\0004\000.\0002\0003\000\040\000s\000r\000c\000/\000m\000e\000n\000u\000.\000c\000\040\000F\000i\000l\000e\000\040\000R\000e\000f\000e\000r\000e\000n\000c\000e}{chapter.4}% 228
\BOOKMARK [2][-]{subsection.4.23.1}{\376\377\0004\000.\0002\0003\000.\0001\000\040\000M\000a\000c\000r\000o\000\040\000D\000e\000f\000i\000n\000i\000t\000i\000o\000n\000\040\000D\000o\000c\000u\000m\000e\000n\000t\000a\000t\000i\000o\000n}{section.4.23}% 229
\BOOKMARK [3][-]{subsubsection.4.23.1.1}{\376\377\0004\000.\0002\0003\000.\0001\000.\0001\000\040\000L\000A\000R\000G\000E\000U\000R}{subsection.4.23.1}% 230
\BOOKMARK [2][-]{subsection.4.23.2}{\376\377\0004\000.\0002\0003\000.\0002\000\040\000F\000u\000n\000c\000t\000i\000o\000n\000\040\000D\000o\000c\000u\000m\000e\000n\000t\000a\000t\000i\000o\000n}{section.4.23}% 231
\BOOKMARK [3][-]{subsubsection.4.23.2.1}{\376\377\0004\000.\0002\0003\000.\0002\000.\0001\000\040\000c\000h\000a\000r\000g\000e\000r\000\137\000p\000a\000r\000t\000i\000e\000\050\000\051}{subsection.4.23.2}% 232
\BOOKMARK [3][-]{subsubsection.4.23.2.2}{\376\377\0004\000.\0002\0003\000.\0002\000.\0002\000\040\000d\000o\000s\000s\000i\000e\000r\000E\000x\000i\000s\000t\000e\000\050\000\051}{subsection.4.23.2}% 233
\BOOKMARK [3][-]{subsubsection.4.23.2.3}{\376\377\0004\000.\0002\0003\000.\0002\000.\0003\000\040\000l\000o\000a\000d\000\137\000g\000a\000m\000e\000\050\000\051}{subsection.4.23.2}% 234
\BOOKMARK [3][-]{subsubsection.4.23.2.4}{\376\377\0004\000.\0002\0003\000.\0002\000.\0004\000\040\000l\000o\000g\000i\000n\000g\000\050\000\051}{subsection.4.23.2}% 235
\BOOKMARK [3][-]{subsubsection.4.23.2.5}{\376\377\0004\000.\0002\0003\000.\0002\000.\0005\000\040\000m\000e\000n\000u\000\137\000p\000r\000i\000c\000i\000p\000a\000l\000e\000\050\000\051}{subsection.4.23.2}% 236
\BOOKMARK [3][-]{subsubsection.4.23.2.6}{\376\377\0004\000.\0002\0003\000.\0002\000.\0006\000\040\000p\000t\000i\000t\000\137\000p\000r\000o\000m\000p\000t\000\050\000\051}{subsection.4.23.2}% 237
\BOOKMARK [3][-]{subsubsection.4.23.2.7}{\376\377\0004\000.\0002\0003\000.\0002\000.\0007\000\040\000q\000u\000i\000t\000\137\000g\000a\000m\000e\000\050\000\051}{subsection.4.23.2}% 238
\BOOKMARK [1][-]{section.4.24}{\376\377\0004\000.\0002\0004\000\040\000m\000e\000n\000u\000.\000c}{chapter.4}% 239
\BOOKMARK [1][-]{section.4.25}{\376\377\0004\000.\0002\0005\000\040\000s\000r\000c\000/\000m\000i\000s\000s\000i\000o\000n\000.\000c\000\040\000F\000i\000l\000e\000\040\000R\000e\000f\000e\000r\000e\000n\000c\000e}{chapter.4}% 240
\BOOKMARK [2][-]{subsection.4.25.1}{\376\377\0004\000.\0002\0005\000.\0001\000\040\000D\000e\000t\000a\000i\000l\000e\000d\000\040\000D\000e\000s\000c\000r\000i\000p\000t\000i\000o\000n}{section.4.25}% 241
\BOOKMARK [2][-]{subsection.4.25.2}{\376\377\0004\000.\0002\0005\000.\0002\000\040\000F\000u\000n\000c\000t\000i\000o\000n\000\040\000D\000o\000c\000u\000m\000e\000n\000t\000a\000t\000i\000o\000n}{section.4.25}% 242
\BOOKMARK [3][-]{subsubsection.4.25.2.1}{\376\377\0004\000.\0002\0005\000.\0002\000.\0001\000\040\000d\000e\000m\000a\000n\000d\000e\000\137\000a\000v\000i\000s\000\050\000\051}{subsection.4.25.2}% 243
\BOOKMARK [3][-]{subsubsection.4.25.2.2}{\376\377\0004\000.\0002\0005\000.\0002\000.\0002\000\040\000e\000n\000t\000r\000a\000i\000n\000e\000m\000e\000n\000t\000\137\0001\0004\000\137\0001\000\050\000\051}{subsection.4.25.2}% 244
\BOOKMARK [3][-]{subsubsection.4.25.2.3}{\376\377\0004\000.\0002\0005\000.\0002\000.\0003\000\040\000i\000n\000t\000r\000o\000\050\000\051}{subsection.4.25.2}% 245
\BOOKMARK [3][-]{subsubsection.4.25.2.4}{\376\377\0004\000.\0002\0005\000.\0002\000.\0004\000\040\000l\000o\000a\000d\000\137\000s\000t\000r\000u\000c\000t\000\137\000m\000i\000s\000s\000i\000o\000n\000\050\000\051}{subsection.4.25.2}% 246
\BOOKMARK [3][-]{subsubsection.4.25.2.5}{\376\377\0004\000.\0002\0005\000.\0002\000.\0005\000\040\000m\000a\000p\000\137\000i\000n\000i\000t\000i\000a\000l\000i\000s\000a\000t\000i\000o\000n\000\050\000\051}{subsection.4.25.2}% 247
\BOOKMARK [3][-]{subsubsection.4.25.2.6}{\376\377\0004\000.\0002\0005\000.\0002\000.\0006\000\040\000m\000i\000s\000s\000i\000o\000n\000\137\0001\000\050\000\051}{subsection.4.25.2}% 248
\BOOKMARK [3][-]{subsubsection.4.25.2.7}{\376\377\0004\000.\0002\0005\000.\0002\000.\0007\000\040\000m\000i\000s\000s\000i\000o\000n\000\137\0001\0000\000\050\000\051}{subsection.4.25.2}% 249
\BOOKMARK [3][-]{subsubsection.4.25.2.8}{\376\377\0004\000.\0002\0005\000.\0002\000.\0008\000\040\000m\000i\000s\000s\000i\000o\000n\000\137\0001\0001\000\050\000\051}{subsection.4.25.2}% 250
\BOOKMARK [3][-]{subsubsection.4.25.2.9}{\376\377\0004\000.\0002\0005\000.\0002\000.\0009\000\040\000m\000i\000s\000s\000i\000o\000n\000\137\0001\0002\000\050\000\051}{subsection.4.25.2}% 251
\BOOKMARK [3][-]{subsubsection.4.25.2.10}{\376\377\0004\000.\0002\0005\000.\0002\000.\0001\0000\000\040\000m\000i\000s\000s\000i\000o\000n\000\137\0001\0003\000\050\000\051}{subsection.4.25.2}% 252
\BOOKMARK [3][-]{subsubsection.4.25.2.11}{\376\377\0004\000.\0002\0005\000.\0002\000.\0001\0001\000\040\000m\000i\000s\000s\000i\000o\000n\000\137\0001\0004\000\050\000\051}{subsection.4.25.2}% 253
\BOOKMARK [3][-]{subsubsection.4.25.2.12}{\376\377\0004\000.\0002\0005\000.\0002\000.\0001\0002\000\040\000m\000i\000s\000s\000i\000o\000n\000\137\0002\000\050\000\051}{subsection.4.25.2}% 254
\BOOKMARK [3][-]{subsubsection.4.25.2.13}{\376\377\0004\000.\0002\0005\000.\0002\000.\0001\0003\000\040\000m\000i\000s\000s\000i\000o\000n\000\137\0003\000\050\000\051}{subsection.4.25.2}% 255
\BOOKMARK [3][-]{subsubsection.4.25.2.14}{\376\377\0004\000.\0002\0005\000.\0002\000.\0001\0004\000\040\000m\000i\000s\000s\000i\000o\000n\000\137\0004\000\050\000\051}{subsection.4.25.2}% 256
\BOOKMARK [3][-]{subsubsection.4.25.2.15}{\376\377\0004\000.\0002\0005\000.\0002\000.\0001\0005\000\040\000m\000i\000s\000s\000i\000o\000n\000\137\0005\000\050\000\051}{subsection.4.25.2}% 257
\BOOKMARK [3][-]{subsubsection.4.25.2.16}{\376\377\0004\000.\0002\0005\000.\0002\000.\0001\0006\000\040\000m\000i\000s\000s\000i\000o\000n\000\137\0006\000\050\000\051}{subsection.4.25.2}% 258
\BOOKMARK [3][-]{subsubsection.4.25.2.17}{\376\377\0004\000.\0002\0005\000.\0002\000.\0001\0007\000\040\000m\000i\000s\000s\000i\000o\000n\000\137\0007\000\050\000\051}{subsection.4.25.2}% 259
\BOOKMARK [3][-]{subsubsection.4.25.2.18}{\376\377\0004\000.\0002\0005\000.\0002\000.\0001\0008\000\040\000m\000i\000s\000s\000i\000o\000n\000\137\0008\000\050\000\051}{subsection.4.25.2}% 260
\BOOKMARK [3][-]{subsubsection.4.25.2.19}{\376\377\0004\000.\0002\0005\000.\0002\000.\0001\0009\000\040\000m\000i\000s\000s\000i\000o\000n\000\137\0009\000\050\000\051}{subsection.4.25.2}% 261
\BOOKMARK [3][-]{subsubsection.4.25.2.20}{\376\377\0004\000.\0002\0005\000.\0002\000.\0002\0000\000\040\000p\000r\000e\000p\000a\000\137\0001\0004\000\050\000\051}{subsection.4.25.2}% 262
\BOOKMARK [3][-]{subsubsection.4.25.2.21}{\376\377\0004\000.\0002\0005\000.\0002\000.\0002\0001\000\040\000p\000r\000o\000m\000p\000t\000\137\000m\000i\000s\000s\000i\000o\000n\000\050\000\051}{subsection.4.25.2}% 263
\BOOKMARK [3][-]{subsubsection.4.25.2.22}{\376\377\0004\000.\0002\0005\000.\0002\000.\0002\0002\000\040\000r\000\351\000i\000n\000i\000t\000i\000a\000l\000i\000s\000a\000t\000i\000o\000n\000\137\000m\000i\000s\000s\000i\000o\000n\000\050\000\051}{subsection.4.25.2}% 264
\BOOKMARK [3][-]{subsubsection.4.25.2.23}{\376\377\0004\000.\0002\0005\000.\0002\000.\0002\0003\000\040\000s\000a\000u\000v\000e\000g\000a\000r\000d\000e\000\137\000d\000e\000r\000n\000i\000e\000r\000\137\000p\000a\000r\000t\000i\000e\000\050\000\051}{subsection.4.25.2}% 265
\BOOKMARK [3][-]{subsubsection.4.25.2.24}{\376\377\0004\000.\0002\0005\000.\0002\000.\0002\0004\000\040\000v\000e\000r\000i\000f\000i\000c\000a\000t\000i\000o\000n\000\137\000m\000i\000s\000s\000i\000o\000n\000\050\000\051}{subsection.4.25.2}% 266
\BOOKMARK [3][-]{subsubsection.4.25.2.25}{\376\377\0004\000.\0002\0005\000.\0002\000.\0002\0005\000\040\000v\000e\000r\000i\000f\000i\000c\000a\000t\000i\000o\000n\000\137\000r\000e\000u\000s\000s\000i\000t\000e\000\050\000\051}{subsection.4.25.2}% 267
\BOOKMARK [1][-]{section.4.26}{\376\377\0004\000.\0002\0006\000\040\000m\000i\000s\000s\000i\000o\000n\000.\000c}{chapter.4}% 268
\BOOKMARK [1][-]{section.4.27}{\376\377\0004\000.\0002\0007\000\040\000s\000r\000c\000/\000p\000r\000o\000m\000p\000t\000.\000c\000\040\000F\000i\000l\000e\000\040\000R\000e\000f\000e\000r\000e\000n\000c\000e}{chapter.4}% 269
\BOOKMARK [2][-]{subsection.4.27.1}{\376\377\0004\000.\0002\0007\000.\0001\000\040\000D\000e\000t\000a\000i\000l\000e\000d\000\040\000D\000e\000s\000c\000r\000i\000p\000t\000i\000o\000n}{section.4.27}% 270
\BOOKMARK [2][-]{subsection.4.27.2}{\376\377\0004\000.\0002\0007\000.\0002\000\040\000F\000u\000n\000c\000t\000i\000o\000n\000\040\000D\000o\000c\000u\000m\000e\000n\000t\000a\000t\000i\000o\000n}{section.4.27}% 271
\BOOKMARK [3][-]{subsubsection.4.27.2.1}{\376\377\0004\000.\0002\0007\000.\0002\000.\0001\000\040\000a\000f\000f\000i\000c\000h\000e\000\137\000c\000o\000m\000m\000a\000n\000d\000e\000\050\000\051}{subsection.4.27.2}% 272
\BOOKMARK [3][-]{subsubsection.4.27.2.2}{\376\377\0004\000.\0002\0007\000.\0002\000.\0002\000\040\000a\000f\000f\000i\000c\000h\000e\000\137\000p\000r\000o\000m\000p\000t\000\050\000\051}{subsection.4.27.2}% 273
\BOOKMARK [3][-]{subsubsection.4.27.2.3}{\376\377\0004\000.\0002\0007\000.\0002\000.\0003\000\040\000a\000u\000t\000o\000\137\000c\000o\000m\000p\000l\000e\000t\000i\000o\000n\000\050\000\051}{subsection.4.27.2}% 274
\BOOKMARK [3][-]{subsubsection.4.27.2.4}{\376\377\0004\000.\0002\0007\000.\0002\000.\0004\000\040\000c\000o\000m\000m\000a\000n\000d\000e\000\137\000o\000p\000t\000i\000o\000n\000\050\000\051}{subsection.4.27.2}% 275
\BOOKMARK [3][-]{subsubsection.4.27.2.5}{\376\377\0004\000.\0002\0007\000.\0002\000.\0005\000\040\000c\000o\000m\000p\000t\000e\000r\000\137\000m\000o\000t\000\050\000\051}{subsection.4.27.2}% 276
\BOOKMARK [3][-]{subsubsection.4.27.2.6}{\376\377\0004\000.\0002\0007\000.\0002\000.\0006\000\040\000d\000e\000c\000r\000e\000m\000e\000n\000t\000\137\000s\000c\000o\000r\000e\000\050\000\051}{subsection.4.27.2}% 277
\BOOKMARK [3][-]{subsubsection.4.27.2.7}{\376\377\0004\000.\0002\0007\000.\0002\000.\0007\000\040\000e\000f\000f\000a\000c\000e\000\137\000c\000a\000r\000a\000\050\000\051}{subsection.4.27.2}% 278
\BOOKMARK [3][-]{subsubsection.4.27.2.8}{\376\377\0004\000.\0002\0007\000.\0002\000.\0008\000\040\000e\000x\000e\000c\000u\000t\000e\000\050\000\051}{subsection.4.27.2}% 279
\BOOKMARK [3][-]{subsubsection.4.27.2.9}{\376\377\0004\000.\0002\0007\000.\0002\000.\0009\000\040\000g\000e\000t\000\137\000p\000o\000i\000n\000t\000\050\000\051}{subsection.4.27.2}% 280
\BOOKMARK [3][-]{subsubsection.4.27.2.10}{\376\377\0004\000.\0002\0007\000.\0002\000.\0001\0000\000\040\000g\000e\000t\000\137\000p\000w\000d\000\050\000\051}{subsection.4.27.2}% 281
\BOOKMARK [3][-]{subsubsection.4.27.2.11}{\376\377\0004\000.\0002\0007\000.\0002\000.\0001\0001\000\040\000g\000e\000t\000N\000o\000m\000J\000o\000u\000e\000u\000r\000\050\000\051}{subsection.4.27.2}% 282
\BOOKMARK [3][-]{subsubsection.4.27.2.12}{\376\377\0004\000.\0002\0007\000.\0002\000.\0001\0002\000\040\000i\000n\000c\000r\000e\000m\000e\000n\000t\000\137\000s\000c\000o\000r\000e\000\050\000\051}{subsection.4.27.2}% 283
\BOOKMARK [3][-]{subsubsection.4.27.2.13}{\376\377\0004\000.\0002\0007\000.\0002\000.\0001\0003\000\040\000i\000n\000s\000e\000r\000e\000r\000\050\000\051}{subsection.4.27.2}% 284
\BOOKMARK [3][-]{subsubsection.4.27.2.14}{\376\377\0004\000.\0002\0007\000.\0002\000.\0001\0004\000\040\000i\000n\000s\000e\000r\000e\000r\000\137\000m\000o\000t\000\137\000d\000a\000n\000s\000\050\000\051}{subsection.4.27.2}% 285
\BOOKMARK [3][-]{subsubsection.4.27.2.15}{\376\377\0004\000.\0002\0007\000.\0002\000.\0001\0005\000\040\000m\000y\000\137\000g\000e\000t\000\137\000l\000i\000g\000n\000e\000\050\000\051}{subsection.4.27.2}% 286
\BOOKMARK [3][-]{subsubsection.4.27.2.16}{\376\377\0004\000.\0002\0007\000.\0002\000.\0001\0006\000\040\000p\000r\000e\000n\000d\000\137\000l\000i\000g\000n\000e\000\137\000c\000o\000m\000m\000a\000n\000d\000\050\000\051}{subsection.4.27.2}% 287
\BOOKMARK [3][-]{subsubsection.4.27.2.17}{\376\377\0004\000.\0002\0007\000.\0002\000.\0001\0007\000\040\000p\000r\000e\000n\000d\000\137\000m\000o\000t\000\137\000d\000a\000n\000s\000\050\000\051}{subsection.4.27.2}% 288
\BOOKMARK [3][-]{subsubsection.4.27.2.18}{\376\377\0004\000.\0002\0007\000.\0002\000.\0001\0008\000\040\000r\000a\000p\000p\000o\000r\000t\000\137\000m\000i\000s\000s\000i\000o\000n\000\050\000\051}{subsection.4.27.2}% 289
\BOOKMARK [3][-]{subsubsection.4.27.2.19}{\376\377\0004\000.\0002\0007\000.\0002\000.\0001\0009\000\040\000t\000a\000i\000l\000l\000e\000\137\000d\000e\000\050\000\051}{subsection.4.27.2}% 290
\BOOKMARK [3][-]{subsubsection.4.27.2.20}{\376\377\0004\000.\0002\0007\000.\0002\000.\0002\0000\000\040\000t\000o\000u\000c\000h\000e\000\137\000s\000u\000p\000p\000r\000\050\000\051}{subsection.4.27.2}% 291
\BOOKMARK [3][-]{subsubsection.4.27.2.21}{\376\377\0004\000.\0002\0007\000.\0002\000.\0002\0001\000\040\000t\000o\000u\000c\000h\000e\000s\000\137\000g\000a\000u\000c\000h\000e\000\137\000d\000r\000o\000i\000t\000e\000\050\000\051}{subsection.4.27.2}% 292
\BOOKMARK [3][-]{subsubsection.4.27.2.22}{\376\377\0004\000.\0002\0007\000.\0002\000.\0002\0002\000\040\000t\000o\000u\000c\000h\000e\000s\000\137\000h\000a\000u\000t\000\137\000b\000a\000s\000\050\000\051}{subsection.4.27.2}% 293
\BOOKMARK [3][-]{subsubsection.4.27.2.23}{\376\377\0004\000.\0002\0007\000.\0002\000.\0002\0003\000\040\000t\000r\000o\000u\000v\000e\000r\000\137\000a\000v\000a\000n\000t\000\050\000\051}{subsection.4.27.2}% 294
\BOOKMARK [3][-]{subsubsection.4.27.2.24}{\376\377\0004\000.\0002\0007\000.\0002\000.\0002\0004\000\040\000v\000i\000d\000e\000\137\000l\000i\000g\000n\000e\000\050\000\051}{subsection.4.27.2}% 295
\BOOKMARK [1][-]{section.4.28}{\376\377\0004\000.\0002\0008\000\040\000p\000r\000o\000m\000p\000t\000.\000c}{chapter.4}% 296
\BOOKMARK [1][-]{section.4.29}{\376\377\0004\000.\0002\0009\000\040\000s\000r\000c\000/\000s\000\351\000c\000u\000r\000e\000.\000c\000\040\000F\000i\000l\000e\000\040\000R\000e\000f\000e\000r\000e\000n\000c\000e}{chapter.4}% 297
\BOOKMARK [2][-]{subsection.4.29.1}{\376\377\0004\000.\0002\0009\000.\0001\000\040\000D\000e\000t\000a\000i\000l\000e\000d\000\040\000D\000e\000s\000c\000r\000i\000p\000t\000i\000o\000n}{section.4.29}% 298
\BOOKMARK [2][-]{subsection.4.29.2}{\376\377\0004\000.\0002\0009\000.\0002\000\040\000F\000u\000n\000c\000t\000i\000o\000n\000\040\000D\000o\000c\000u\000m\000e\000n\000t\000a\000t\000i\000o\000n}{section.4.29}% 299
\BOOKMARK [3][-]{subsubsection.4.29.2.1}{\376\377\0004\000.\0002\0009\000.\0002\000.\0001\000\040\000l\000i\000r\000e\000D\000o\000u\000b\000l\000e\000\050\000\051}{subsection.4.29.2}% 300
\BOOKMARK [3][-]{subsubsection.4.29.2.2}{\376\377\0004\000.\0002\0009\000.\0002\000.\0002\000\040\000l\000i\000r\000e\000E\000n\000t\000i\000e\000r\000\050\000\051}{subsection.4.29.2}% 301
\BOOKMARK [3][-]{subsubsection.4.29.2.3}{\376\377\0004\000.\0002\0009\000.\0002\000.\0003\000\040\000l\000i\000r\000e\000F\000l\000o\000a\000t\000\050\000\051}{subsection.4.29.2}% 302
\BOOKMARK [3][-]{subsubsection.4.29.2.4}{\376\377\0004\000.\0002\0009\000.\0002\000.\0004\000\040\000l\000i\000r\000e\000L\000i\000g\000n\000e\000\050\000\051}{subsection.4.29.2}% 303
\BOOKMARK [1][-]{section.4.30}{\376\377\0004\000.\0003\0000\000\040\000s\000\351\000c\000u\000r\000e\000.\000c}{chapter.4}% 304
